<?xml version="1.0" encoding="UTF-8"?>
<!-- Generated by org.testng.reporters.JUnitReportReporter -->
<testsuite hostname="DESKTOP-R440I2H" failures="0" tests="1" name="testCases.TC_001_AccountRegistrationTest" time="11.700" errors="0" timestamp="2024-04-25T18:02:02 IST" skipped="0">
  <testcase classname="testCases.TC_001_AccountRegistrationTest" name="verify_AccountRegistration" time="11.700"/>
</testsuite> <!-- testCases.TC_001_AccountRegistrationTest -->
