<?xml version="1.0" encoding="UTF-8"?>
<!-- Generated by org.testng.reporters.JUnitReportReporter -->
<testsuite hostname="DESKTOP-R440I2H" failures="0" tests="1" name="testCases.TC_001_AccountRegistrationTest" time="8.107" errors="0" timestamp="2024-04-26T17:56:40 IST" skipped="0">
  <testcase classname="testCases.TC_001_AccountRegistrationTest" name="verify_AccountRegistration" time="8.107"/>
</testsuite> <!-- testCases.TC_001_AccountRegistrationTest -->
