<?xml version="1.0" encoding="UTF-8"?>
<!-- Generated by org.testng.reporters.JUnitReportReporter -->
<testsuite hostname="DESKTOP-R440I2H" failures="0" tests="1" name="testCases.TC_002_LoginTest" time="1.473" errors="0" timestamp="2024-04-26T17:56:40 IST" skipped="0">
  <testcase classname="testCases.TC_002_LoginTest" name="verify_login" time="1.473"/>
</testsuite> <!-- testCases.TC_002_LoginTest -->
